#
# A fatal error has been detected by the Java Runtime Environment:
#
#  Internal Error (javaClasses.cpp:129), pid=6068, tid=756
#  fatal error: Invalid layout of preloaded class
#
# JRE version: 7.0_17-b02
# Java VM: Java HotSpot(TM) 64-Bit Server VM (23.7-b01 mixed mode windows-amd64 compressed oops)
# Failed to write core dump. Minidumps are not enabled by default on client versions of Windows
#
# If you would like to submit a bug report, please visit:
#   http://bugreport.sun.com/bugreport/crash.jsp
#

---------------  T H R E A D  ---------------

Current thread (0x000000000248c800):  JavaThread "Unknown thread" [_thread_in_vm, id=756, stack(0x0000000002690000,0x0000000002790000)]

Stack: [0x0000000002690000,0x0000000002790000]

---------------  P R O C E S S  ---------------

Java Threads: ( => current thread )

Other Threads:

=>0x000000000248c800 (exited) JavaThread "Unknown thread" [_thread_in_vm, id=756, stack(0x0000000002690000,0x0000000002790000)]

VM state:not at safepoint (not fully initialized)

VM Mutex/Monitor currently owned by a thread: None

GC Heap History (0 events):
No events

Deoptimization events (0 events):
No events

Internal exceptions (0 events):
No events

Events (10 events):
Event: 0.023 loading class 0x0000000001fcfdf0 done
Event: 0.023 loading class 0x0000000001f921a0 done
Event: 0.023 loading class 0x0000000001f92170
Event: 0.024 loading class 0x0000000001fdd840
Event: 0.024 loading class 0x0000000001fdd840 done
Event: 0.024 loading class 0x0000000001fdd880
Event: 0.024 loading class 0x0000000001fdd880 done
Event: 0.024 loading class 0x0000000008aec9a0
Event: 0.024 loading class 0x0000000008aec9a0 done
Event: 0.024 loading class 0x0000000001f92170 done


Dynamic libraries:
0x000000013fbc0000 - 0x000000013fbf3000 	C:\Program Files\Java\jre7\bin\javaw.exe
0x00000000774d0000 - 0x000000007767a000 	C:\Windows\SYSTEM32\ntdll.dll
0x00000000773b0000 - 0x00000000774cf000 	C:\Windows\system32\kernel32.dll
0x000007fefd080000 - 0x000007fefd0ea000 	C:\Windows\system32\KERNELBASE.dll
0x000007fefee60000 - 0x000007fefef3b000 	C:\Windows\system32\ADVAPI32.dll
0x000007fefd840000 - 0x000007fefd8df000 	C:\Windows\system32\msvcrt.dll
0x000007feff560000 - 0x000007feff57f000 	C:\Windows\SYSTEM32\sechost.dll
0x000007fefef40000 - 0x000007feff06d000 	C:\Windows\system32\RPCRT4.dll
0x0000000077170000 - 0x000000007726a000 	C:\Windows\system32\USER32.dll
0x000007feff0f0000 - 0x000007feff157000 	C:\Windows\system32\GDI32.dll
0x000007feff160000 - 0x000007feff16e000 	C:\Windows\system32\LPK.dll
0x000007fefd8e0000 - 0x000007fefd9aa000 	C:\Windows\system32\USP10.dll
0x000007fefb6b0000 - 0x000007fefb8a4000 	C:\Windows\WinSxS\amd64_microsoft.windows.common-controls_6595b64144ccf1df_6.0.7601.18837_none_fa3b1e3d17594757\COMCTL32.dll
0x000007feff070000 - 0x000007feff0e1000 	C:\Windows\system32\SHLWAPI.dll
0x000007feff580000 - 0x000007feff5ae000 	C:\Windows\system32\IMM32.DLL
0x000007feff630000 - 0x000007feff739000 	C:\Windows\system32\MSCTF.dll
0x000007fefcf50000 - 0x000007fefcf81000 	C:\Windows\system32\nvinitx.dll
0x000007fefcf40000 - 0x000007fefcf4c000 	C:\Windows\system32\VERSION.dll
0x000000000f000000 - 0x000000000f006000 	C:\Program Files\NVIDIA Corporation\CoProcManager\detoured.dll
0x000007fefa5d0000 - 0x000007fefa602000 	C:\Program Files\NVIDIA Corporation\CoProcManager\nvd3d9wrapx.dll
0x000007fefdef0000 - 0x000007fefe0c7000 	C:\Windows\system32\SETUPAPI.dll
0x000007fefd410000 - 0x000007fefd446000 	C:\Windows\system32\CFGMGR32.dll
0x000007feff480000 - 0x000007feff558000 	C:\Windows\system32\OLEAUT32.dll
0x000007fefdce0000 - 0x000007fefdee3000 	C:\Windows\system32\ole32.dll
0x000007fefd370000 - 0x000007fefd38a000 	C:\Windows\system32\DEVOBJ.dll
0x000007fefa5a0000 - 0x000007fefa5c2000 	C:\Program Files\NVIDIA Corporation\CoProcManager\nvdxgiwrapx.dll
0x0000000073b50000 - 0x0000000073c21000 	C:\Program Files\Java\jre7\bin\msvcr100.dll
0x000000006c0c0000 - 0x000000006c7df000 	C:\Program Files\Java\jre7\bin\server\jvm.dll
0x000007fef4ac0000 - 0x000007fef4ac9000 	C:\Windows\system32\WSOCK32.dll
0x000007fefd7f0000 - 0x000007fefd83d000 	C:\Windows\system32\WS2_32.dll
0x000007fefdc40000 - 0x000007fefdc48000 	C:\Windows\system32\NSI.dll
0x000007fefd3b0000 - 0x000007fefd3eb000 	C:\Windows\system32\WINMM.dll
0x00000000776a0000 - 0x00000000776a7000 	C:\Windows\system32\PSAPI.DLL
0x0000000073d00000 - 0x0000000073d0f000 	C:\Program Files\Java\jre7\bin\verify.dll
0x0000000073cd0000 - 0x0000000073cf8000 	C:\Program Files\Java\jre7\bin\java.dll
0x0000000073cb0000 - 0x0000000073cc5000 	C:\Program Files\Java\jre7\bin\zip.dll

VM Arguments:
jvm_args: -Dfile.encoding=UTF-8 -Xbootclasspath:D:\hllandroid\adt-bundle-windows-x86_64-20140321\sdk\platforms\android-19\android.jar 
java_command: com.hll.util.SDcardCacheUtil
Launcher Type: SUN_STANDARD

Environment Variables:
JAVA_HOME=C:\Program Files\Java\jdk1.7.0_17
CLASSPATH=C:\Program Files\Java\jdk1.7.0_17\lib\tools.jar
PATH=C:\Program Files\Java\jdk1.8.0_45\bin;D:\mysql5.5\bin;C:\Windows\system32;C:\Windows;C:\Windows\system32\wbem;C:\Program Files\Java\jdk1.7.0_17\bin;C:\Program Files\VisualSVN Server\bin;C:\Program Files\TortoiseSVN\bin;C:\Program Files\MySQL\MySQL Server 5.5\bin;D:\apache-maven-3.3.9\bin;D:\jarhouse
USERNAME=Administrator
OS=Windows_NT
PROCESSOR_IDENTIFIER=Intel64 Family 6 Model 61 Stepping 4, GenuineIntel



---------------  S Y S T E M  ---------------

OS: Windows 7 , 64 bit Build 7601 Service Pack 1

CPU:total 4 (2 cores per cpu, 2 threads per core) family 6 model 61 stepping 4, cmov, cx8, fxsr, mmx, sse, sse2, sse3, ssse3, sse4.1, sse4.2, popcnt, avx, avx2, ht, tsc, tscinvbit

Memory: 4k page, physical 4104072k(2394108k free), swap 8206284k(5228200k free)

vm_info: Java HotSpot(TM) 64-Bit Server VM (23.7-b01) for windows-amd64 JRE (1.7.0_17-b02), built on Mar  1 2013 03:38:30 by "java_re" with unknown MS VC++:1600

time: Sun Jul 10 10:44:34 2016
elapsed time: 0 seconds

